Traceback (most recent call last):
  File "C:\Users\kamac\miniconda3\envs\ml_venv\lib\site-packages\jupyter_cache\executors\utils.py", line 58, in single_nb_execution
    executenb(
  File "C:\Users\kamac\miniconda3\envs\ml_venv\lib\site-packages\nbclient\client.py", line 1305, in execute
    return NotebookClient(nb=nb, resources=resources, km=km, **kwargs).execute()
  File "C:\Users\kamac\miniconda3\envs\ml_venv\lib\site-packages\jupyter_core\utils\__init__.py", line 166, in wrapped
    return loop.run_until_complete(inner)
  File "C:\Users\kamac\miniconda3\envs\ml_venv\lib\asyncio\base_events.py", line 647, in run_until_complete
    return future.result()
  File "C:\Users\kamac\miniconda3\envs\ml_venv\lib\site-packages\nbclient\client.py", line 705, in async_execute
    await self.async_execute_cell(
  File "C:\Users\kamac\miniconda3\envs\ml_venv\lib\site-packages\nbclient\client.py", line 1058, in async_execute_cell
    await self._check_raise_for_error(cell, cell_index, exec_reply)
  File "C:\Users\kamac\miniconda3\envs\ml_venv\lib\site-packages\nbclient\client.py", line 914, in _check_raise_for_error
    raise CellExecutionError.from_cell_and_msg(cell, exec_reply_content)
nbclient.exceptions.CellExecutionError: An error occurred while executing the following cell:
------------------
import pandas as pd
import seaborn as sns
import matplotlib.pyplot as plt
from sklearn.pipeline import Pipeline
from matplotlib.colors import LinearSegmentedColormap
from sklearn.preprocessing import StandardScaler
from sklearn.preprocessing import MinMaxScaler
from sklearn.neighbors import KNeighborsClassifier
from sklearn.linear_model import LogisticRegression
from sklearn.model_selection import GridSearchCV
from sklearn.model_selection import StratifiedKFold
from sklearn.model_selection import train_test_split
from sklearn.metrics import precision_score, recall_score, f1_score, roc_auc_score
from sklearn.metrics import confusion_matrix
from sklearn.metrics import roc_curve, roc_auc_score
------------------


[1;31m---------------------------------------------------------------------------[0m
[1;31mImportError[0m                               Traceback (most recent call last)
Cell [1;32mIn[1], line 2[0m
[0;32m      1[0m [38;5;28;01mimport[39;00m [38;5;21;01mpandas[39;00m [38;5;28;01mas[39;00m [38;5;21;01mpd[39;00m
[1;32m----> 2[0m [38;5;28;01mimport[39;00m [38;5;21;01mseaborn[39;00m [38;5;28;01mas[39;00m [38;5;21;01msns[39;00m
[0;32m      3[0m [38;5;28;01mimport[39;00m [38;5;21;01mmatplotlib[39;00m[38;5;21;01m.[39;00m[38;5;21;01mpyplot[39;00m [38;5;28;01mas[39;00m [38;5;21;01mplt[39;00m
[0;32m      4[0m [38;5;28;01mfrom[39;00m [38;5;21;01msklearn[39;00m[38;5;21;01m.[39;00m[38;5;21;01mpipeline[39;00m [38;5;28;01mimport[39;00m Pipeline

File [1;32m~\miniconda3\envs\ml_venv\lib\site-packages\seaborn\__init__.py:2[0m
[0;32m      1[0m [38;5;66;03m# Import seaborn objects[39;00m
[1;32m----> 2[0m [38;5;28;01mfrom[39;00m [38;5;21;01m.[39;00m[38;5;21;01mrcmod[39;00m [38;5;28;01mimport[39;00m [38;5;241m*[39m  [38;5;66;03m# noqa: F401,F403[39;00m
[0;32m      3[0m [38;5;28;01mfrom[39;00m [38;5;21;01m.[39;00m[38;5;21;01mutils[39;00m [38;5;28;01mimport[39;00m [38;5;241m*[39m  [38;5;66;03m# noqa: F401,F403[39;00m
[0;32m      4[0m [38;5;28;01mfrom[39;00m [38;5;21;01m.[39;00m[38;5;21;01mpalettes[39;00m [38;5;28;01mimport[39;00m [38;5;241m*[39m  [38;5;66;03m# noqa: F401,F403[39;00m

File [1;32m~\miniconda3\envs\ml_venv\lib\site-packages\seaborn\rcmod.py:3[0m
[0;32m      1[0m [38;5;124;03m"""Control plot style and scaling using the matplotlib rcParams interface."""[39;00m
[0;32m      2[0m [38;5;28;01mimport[39;00m [38;5;21;01mfunctools[39;00m
[1;32m----> 3[0m [38;5;28;01mimport[39;00m [38;5;21;01mmatplotlib[39;00m [38;5;28;01mas[39;00m [38;5;21;01mmpl[39;00m
[0;32m      4[0m [38;5;28;01mfrom[39;00m [38;5;21;01mcycler[39;00m [38;5;28;01mimport[39;00m cycler
[0;32m      5[0m [38;5;28;01mfrom[39;00m [38;5;21;01m.[39;00m [38;5;28;01mimport[39;00m palettes

File [1;32m~\miniconda3\envs\ml_venv\lib\site-packages\matplotlib\__init__.py:263[0m
[0;32m    258[0m         [38;5;28;01mif[39;00m parse_version(module[38;5;241m.[39m__version__) [38;5;241m<[39m parse_version(minver):
[0;32m    259[0m             [38;5;28;01mraise[39;00m [38;5;167;01mImportError[39;00m([38;5;124mf[39m[38;5;124m"[39m[38;5;124mMatplotlib requires [39m[38;5;132;01m{[39;00mmodname[38;5;132;01m}[39;00m[38;5;124m>=[39m[38;5;132;01m{[39;00mminver[38;5;132;01m}[39;00m[38;5;124m; [39m[38;5;124m"[39m
[0;32m    260[0m                               [38;5;124mf[39m[38;5;124m"[39m[38;5;124myou have [39m[38;5;132;01m{[39;00mmodule[38;5;241m.[39m__version__[38;5;132;01m}[39;00m[38;5;124m"[39m)
[1;32m--> 263[0m [43m_check_versions[49m[43m([49m[43m)[49m
[0;32m    266[0m [38;5;66;03m# The decorator ensures this always returns the same handler (and it is only[39;00m
[0;32m    267[0m [38;5;66;03m# attached once).[39;00m
[0;32m    268[0m [38;5;129m@functools[39m[38;5;241m.[39mcache
[0;32m    269[0m [38;5;28;01mdef[39;00m [38;5;21m_ensure_handler[39m():

File [1;32m~\miniconda3\envs\ml_venv\lib\site-packages\matplotlib\__init__.py:259[0m, in [0;36m_check_versions[1;34m()[0m
[0;32m    257[0m module [38;5;241m=[39m importlib[38;5;241m.[39mimport_module(modname)
[0;32m    258[0m [38;5;28;01mif[39;00m parse_version(module[38;5;241m.[39m__version__) [38;5;241m<[39m parse_version(minver):
[1;32m--> 259[0m     [38;5;28;01mraise[39;00m [38;5;167;01mImportError[39;00m([38;5;124mf[39m[38;5;124m"[39m[38;5;124mMatplotlib requires [39m[38;5;132;01m{[39;00mmodname[38;5;132;01m}[39;00m[38;5;124m>=[39m[38;5;132;01m{[39;00mminver[38;5;132;01m}[39;00m[38;5;124m; [39m[38;5;124m"[39m
[0;32m    260[0m                       [38;5;124mf[39m[38;5;124m"[39m[38;5;124myou have [39m[38;5;132;01m{[39;00mmodule[38;5;241m.[39m__version__[38;5;132;01m}[39;00m[38;5;124m"[39m)

[1;31mImportError[0m: Matplotlib requires numpy>=1.23; you have 1.22.4

